168987 execve("./fork", ["./fork"], 0x7fff708c82a8 /* 60 vars */) = 0
168987 brk(NULL)                        = 0x62823322b000
168987 access("/etc/ld.so.preload", R_OK) = 0
168987 openat(AT_FDCWD, "/etc/ld.so.preload", O_RDONLY|O_CLOEXEC) = 3
168987 fstat(3, {st_mode=S_IFREG|0644, st_size=49, ...}) = 0
168987 mmap(NULL, 49, PROT_READ|PROT_WRITE, MAP_PRIVATE, 3, 0) = 0x73dd0cb53000
168987 close(3)                         = 0
168987 mmap(NULL, 8192, PROT_READ|PROT_WRITE, MAP_PRIVATE|MAP_ANONYMOUS, -1, 0) = 0x73dd0cb51000
168987 openat(AT_FDCWD, "/usr/local/lib/AppProtection/libAppProtection.so", O_RDONLY|O_CLOEXEC) = 3
168987 read(3, "\177ELF\2\1\1\3\0\0\0\0\0\0\0\0\3\0>\0\1\0\0\0`l\0\0\0\0\0\0"..., 832) = 832
168987 fstat(3, {st_mode=S_IFREG|0755, st_size=175808, ...}) = 0
168987 mmap(NULL, 4376264, PROT_NONE, MAP_PRIVATE|MAP_ANONYMOUS|MAP_DENYWRITE, -1, 0) = 0x73dd0c724000
168987 mmap(0x73dd0c800000, 2279112, PROT_READ|PROT_EXEC, MAP_PRIVATE|MAP_FIXED|MAP_DENYWRITE, 3, 0) = 0x73dd0c800000
168987 munmap(0x73dd0c724000, 901120)   = 0
168987 munmap(0x73dd0ca2d000, 1193672)  = 0
168987 mprotect(0x73dd0c82a000, 2093056, PROT_NONE) = 0
168987 mmap(0x73dd0ca29000, 8192, PROT_READ|PROT_WRITE, MAP_PRIVATE|MAP_FIXED|MAP_DENYWRITE, 3, 0x29000) = 0x73dd0ca29000
168987 mmap(0x73dd0ca2b000, 5832, PROT_READ|PROT_WRITE, MAP_PRIVATE|MAP_FIXED|MAP_ANONYMOUS, -1, 0) = 0x73dd0ca2b000
168987 close(3)                         = 0
168987 munmap(0x73dd0cb53000, 49)       = 0
168987 openat(AT_FDCWD, "/etc/ld.so.cache", O_RDONLY|O_CLOEXEC) = 3
168987 fstat(3, {st_mode=S_IFREG|0644, st_size=236583, ...}) = 0
168987 mmap(NULL, 236583, PROT_READ, MAP_PRIVATE, 3, 0) = 0x73dd0cb17000
168987 close(3)                         = 0
168987 openat(AT_FDCWD, "/usr/lib/libc.so.6", O_RDONLY|O_CLOEXEC) = 3
168987 read(3, "\177ELF\2\1\1\3\0\0\0\0\0\0\0\0\3\0>\0\1\0\0\0`v\2\0\0\0\0\0"..., 832) = 832
168987 pread64(3, "\6\0\0\0\4\0\0\0@\0\0\0\0\0\0\0@\0\0\0\0\0\0\0@\0\0\0\0\0\0\0"..., 840, 64) = 840
168987 fstat(3, {st_mode=S_IFREG|0755, st_size=2014520, ...}) = 0
168987 pread64(3, "\6\0\0\0\4\0\0\0@\0\0\0\0\0\0\0@\0\0\0\0\0\0\0@\0\0\0\0\0\0\0"..., 840, 64) = 840
168987 mmap(NULL, 2038904, PROT_READ, MAP_PRIVATE|MAP_DENYWRITE, 3, 0) = 0x73dd0c60e000
168987 mmap(0x73dd0c632000, 1511424, PROT_READ|PROT_EXEC, MAP_PRIVATE|MAP_FIXED|MAP_DENYWRITE, 3, 0x24000) = 0x73dd0c632000
168987 mmap(0x73dd0c7a3000, 323584, PROT_READ, MAP_PRIVATE|MAP_FIXED|MAP_DENYWRITE, 3, 0x195000) = 0x73dd0c7a3000
168987 mmap(0x73dd0c7f2000, 24576, PROT_READ|PROT_WRITE, MAP_PRIVATE|MAP_FIXED|MAP_DENYWRITE, 3, 0x1e3000) = 0x73dd0c7f2000
168987 mmap(0x73dd0c7f8000, 31864, PROT_READ|PROT_WRITE, MAP_PRIVATE|MAP_FIXED|MAP_ANONYMOUS, -1, 0) = 0x73dd0c7f8000
168987 close(3)                         = 0
168987 openat(AT_FDCWD, "/usr/lib/libpthread.so.0", O_RDONLY|O_CLOEXEC) = 3
168987 read(3, "\177ELF\2\1\1\0\0\0\0\0\0\0\0\0\3\0>\0\1\0\0\0\0\0\0\0\0\0\0\0"..., 832) = 832
168987 fstat(3, {st_mode=S_IFREG|0755, st_size=14288, ...}) = 0
168987 mmap(NULL, 16400, PROT_READ, MAP_PRIVATE|MAP_DENYWRITE, 3, 0) = 0x73dd0cb12000
168987 mmap(0x73dd0cb13000, 4096, PROT_READ|PROT_EXEC, MAP_PRIVATE|MAP_FIXED|MAP_DENYWRITE, 3, 0x1000) = 0x73dd0cb13000
168987 mmap(0x73dd0cb14000, 4096, PROT_READ, MAP_PRIVATE|MAP_FIXED|MAP_DENYWRITE, 3, 0x2000) = 0x73dd0cb14000
168987 mmap(0x73dd0cb15000, 8192, PROT_READ|PROT_WRITE, MAP_PRIVATE|MAP_FIXED|MAP_DENYWRITE, 3, 0x2000) = 0x73dd0cb15000
168987 close(3)                         = 0
168987 openat(AT_FDCWD, "/usr/lib/libdl.so.2", O_RDONLY|O_CLOEXEC) = 3
168987 read(3, "\177ELF\2\1\1\0\0\0\0\0\0\0\0\0\3\0>\0\1\0\0\0\0\0\0\0\0\0\0\0"..., 832) = 832
168987 fstat(3, {st_mode=S_IFREG|0755, st_size=14280, ...}) = 0
168987 mmap(NULL, 16400, PROT_READ, MAP_PRIVATE|MAP_DENYWRITE, 3, 0) = 0x73dd0cb0d000
168987 mmap(0x73dd0cb0e000, 4096, PROT_READ|PROT_EXEC, MAP_PRIVATE|MAP_FIXED|MAP_DENYWRITE, 3, 0x1000) = 0x73dd0cb0e000
168987 mmap(0x73dd0cb0f000, 4096, PROT_READ, MAP_PRIVATE|MAP_FIXED|MAP_DENYWRITE, 3, 0x2000) = 0x73dd0cb0f000
168987 mmap(0x73dd0cb10000, 8192, PROT_READ|PROT_WRITE, MAP_PRIVATE|MAP_FIXED|MAP_DENYWRITE, 3, 0x2000) = 0x73dd0cb10000
168987 close(3)                         = 0
168987 openat(AT_FDCWD, "/usr/lib/libX11.so.6", O_RDONLY|O_CLOEXEC) = 3
168987 read(3, "\177ELF\2\1\1\0\0\0\0\0\0\0\0\0\3\0>\0\1\0\0\0\0\0\0\0\0\0\0\0"..., 832) = 832
168987 fstat(3, {st_mode=S_IFREG|0755, st_size=1309088, ...}) = 0
168987 mmap(NULL, 1313000, PROT_READ, MAP_PRIVATE|MAP_DENYWRITE, 3, 0) = 0x73dd0c4cd000
168987 mmap(0x73dd0c4e4000, 606208, PROT_READ|PROT_EXEC, MAP_PRIVATE|MAP_FIXED|MAP_DENYWRITE, 3, 0x17000) = 0x73dd0c4e4000
168987 mmap(0x73dd0c578000, 585728, PROT_READ, MAP_PRIVATE|MAP_FIXED|MAP_DENYWRITE, 3, 0xab000) = 0x73dd0c578000
168987 mmap(0x73dd0c607000, 28672, PROT_READ|PROT_WRITE, MAP_PRIVATE|MAP_FIXED|MAP_DENYWRITE, 3, 0x139000) = 0x73dd0c607000
168987 close(3)                         = 0
168987 openat(AT_FDCWD, "/usr/lib/libxcb.so.1", O_RDONLY|O_CLOEXEC) = 3
168987 read(3, "\177ELF\2\1\1\0\0\0\0\0\0\0\0\0\3\0>\0\1\0\0\0\0\0\0\0\0\0\0\0"..., 832) = 832
168987 fstat(3, {st_mode=S_IFREG|0755, st_size=169984, ...}) = 0
168987 mmap(NULL, 172264, PROT_READ, MAP_PRIVATE|MAP_DENYWRITE, 3, 0) = 0x73dd0cae2000
168987 mmap(0x73dd0caee000, 81920, PROT_READ|PROT_EXEC, MAP_PRIVATE|MAP_FIXED|MAP_DENYWRITE, 3, 0xc000) = 0x73dd0caee000
168987 mmap(0x73dd0cb02000, 36864, PROT_READ, MAP_PRIVATE|MAP_FIXED|MAP_DENYWRITE, 3, 0x20000) = 0x73dd0cb02000
168987 mmap(0x73dd0cb0b000, 8192, PROT_READ|PROT_WRITE, MAP_PRIVATE|MAP_FIXED|MAP_DENYWRITE, 3, 0x28000) = 0x73dd0cb0b000
168987 close(3)                         = 0
168987 openat(AT_FDCWD, "/usr/lib/libstdc++.so.6", O_RDONLY|O_CLOEXEC) = 3
168987 read(3, "\177ELF\2\1\1\3\0\0\0\0\0\0\0\0\3\0>\0\1\0\0\0\0\0\0\0\0\0\0\0"..., 832) = 832
168987 fstat(3, {st_mode=S_IFREG|0755, st_size=22051960, ...}) = 0
168987 mmap(NULL, 8192, PROT_READ|PROT_WRITE, MAP_PRIVATE|MAP_ANONYMOUS, -1, 0) = 0x73dd0cae0000
168987 mmap(NULL, 2641984, PROT_READ, MAP_PRIVATE|MAP_DENYWRITE, 3, 0) = 0x73dd0c200000
168987 mmap(0x73dd0c297000, 1363968, PROT_READ|PROT_EXEC, MAP_PRIVATE|MAP_FIXED|MAP_DENYWRITE, 3, 0x97000) = 0x73dd0c297000
168987 mmap(0x73dd0c3e4000, 589824, PROT_READ, MAP_PRIVATE|MAP_FIXED|MAP_DENYWRITE, 3, 0x1e4000) = 0x73dd0c3e4000
168987 mmap(0x73dd0c474000, 57344, PROT_READ|PROT_WRITE, MAP_PRIVATE|MAP_FIXED|MAP_DENYWRITE, 3, 0x274000) = 0x73dd0c474000
168987 mmap(0x73dd0c482000, 12352, PROT_READ|PROT_WRITE, MAP_PRIVATE|MAP_FIXED|MAP_ANONYMOUS, -1, 0) = 0x73dd0c482000
168987 close(3)                         = 0
168987 openat(AT_FDCWD, "/usr/lib/libXi.so.6", O_RDONLY|O_CLOEXEC) = 3
168987 read(3, "\177ELF\2\1\1\0\0\0\0\0\0\0\0\0\3\0>\0\1\0\0\0\0\0\0\0\0\0\0\0"..., 832) = 832
168987 fstat(3, {st_mode=S_IFREG|0755, st_size=75832, ...}) = 0
168987 mmap(NULL, 73864, PROT_READ, MAP_PRIVATE|MAP_DENYWRITE, 3, 0) = 0x73dd0cacd000
168987 mmap(0x73dd0cad0000, 49152, PROT_READ|PROT_EXEC, MAP_PRIVATE|MAP_FIXED|MAP_DENYWRITE, 3, 0x3000) = 0x73dd0cad0000
168987 mmap(0x73dd0cadc000, 8192, PROT_READ, MAP_PRIVATE|MAP_FIXED|MAP_DENYWRITE, 3, 0xf000) = 0x73dd0cadc000
168987 mmap(0x73dd0cade000, 8192, PROT_READ|PROT_WRITE, MAP_PRIVATE|MAP_FIXED|MAP_DENYWRITE, 3, 0x11000) = 0x73dd0cade000
168987 close(3)                         = 0
168987 openat(AT_FDCWD, "/usr/lib/libXau.so.6", O_RDONLY|O_CLOEXEC) = 3
168987 read(3, "\177ELF\2\1\1\0\0\0\0\0\0\0\0\0\3\0>\0\1\0\0\0\0\0\0\0\0\0\0\0"..., 832) = 832
168987 fstat(3, {st_mode=S_IFREG|0755, st_size=14232, ...}) = 0
168987 mmap(NULL, 16424, PROT_READ, MAP_PRIVATE|MAP_DENYWRITE, 3, 0) = 0x73dd0cac8000
168987 mmap(0x73dd0cac9000, 4096, PROT_READ|PROT_EXEC, MAP_PRIVATE|MAP_FIXED|MAP_DENYWRITE, 3, 0x1000) = 0x73dd0cac9000
168987 mmap(0x73dd0caca000, 4096, PROT_READ, MAP_PRIVATE|MAP_FIXED|MAP_DENYWRITE, 3, 0x2000) = 0x73dd0caca000
168987 mmap(0x73dd0cacb000, 8192, PROT_READ|PROT_WRITE, MAP_PRIVATE|MAP_FIXED|MAP_DENYWRITE, 3, 0x2000) = 0x73dd0cacb000
168987 close(3)                         = 0
168987 openat(AT_FDCWD, "/usr/lib/libXdmcp.so.6", O_RDONLY|O_CLOEXEC) = 3
168987 read(3, "\177ELF\2\1\1\0\0\0\0\0\0\0\0\0\3\0>\0\1\0\0\0\0\0\0\0\0\0\0\0"..., 832) = 832
168987 fstat(3, {st_mode=S_IFREG|0755, st_size=26488, ...}) = 0
168987 mmap(NULL, 28688, PROT_READ, MAP_PRIVATE|MAP_DENYWRITE, 3, 0) = 0x73dd0cac0000
168987 mmap(0x73dd0cac2000, 8192, PROT_READ|PROT_EXEC, MAP_PRIVATE|MAP_FIXED|MAP_DENYWRITE, 3, 0x2000) = 0x73dd0cac2000
168987 mmap(0x73dd0cac4000, 8192, PROT_READ, MAP_PRIVATE|MAP_FIXED|MAP_DENYWRITE, 3, 0x4000) = 0x73dd0cac4000
168987 mmap(0x73dd0cac6000, 8192, PROT_READ|PROT_WRITE, MAP_PRIVATE|MAP_FIXED|MAP_DENYWRITE, 3, 0x5000) = 0x73dd0cac6000
168987 close(3)                         = 0
168987 openat(AT_FDCWD, "/usr/lib/libm.so.6", O_RDONLY|O_CLOEXEC) = 3
168987 read(3, "\177ELF\2\1\1\3\0\0\0\0\0\0\0\0\3\0>\0\1\0\0\0\0\0\0\0\0\0\0\0"..., 832) = 832
168987 fstat(3, {st_mode=S_IFREG|0755, st_size=1010008, ...}) = 0
168987 mmap(NULL, 1012040, PROT_READ, MAP_PRIVATE|MAP_DENYWRITE, 3, 0) = 0x73dd0c108000
168987 mmap(0x73dd0c117000, 548864, PROT_READ|PROT_EXEC, MAP_PRIVATE|MAP_FIXED|MAP_DENYWRITE, 3, 0xf000) = 0x73dd0c117000
168987 mmap(0x73dd0c19d000, 397312, PROT_READ, MAP_PRIVATE|MAP_FIXED|MAP_DENYWRITE, 3, 0x95000) = 0x73dd0c19d000
168987 mmap(0x73dd0c1fe000, 8192, PROT_READ|PROT_WRITE, MAP_PRIVATE|MAP_FIXED|MAP_DENYWRITE, 3, 0xf5000) = 0x73dd0c1fe000
168987 close(3)                         = 0
168987 openat(AT_FDCWD, "/usr/lib/libgcc_s.so.1", O_RDONLY|O_CLOEXEC) = 3
168987 read(3, "\177ELF\2\1\1\0\0\0\0\0\0\0\0\0\3\0>\0\1\0\0\0\0\0\0\0\0\0\0\0"..., 832) = 832
168987 fstat(3, {st_mode=S_IFREG|0644, st_size=916136, ...}) = 0
168987 mmap(NULL, 8192, PROT_READ|PROT_WRITE, MAP_PRIVATE|MAP_ANONYMOUS, -1, 0) = 0x73dd0cabe000
168987 mmap(NULL, 184808, PROT_READ, MAP_PRIVATE|MAP_DENYWRITE, 3, 0) = 0x73dd0ca90000
168987 mmap(0x73dd0ca94000, 147456, PROT_READ|PROT_EXEC, MAP_PRIVATE|MAP_FIXED|MAP_DENYWRITE, 3, 0x4000) = 0x73dd0ca94000
168987 mmap(0x73dd0cab8000, 16384, PROT_READ, MAP_PRIVATE|MAP_FIXED|MAP_DENYWRITE, 3, 0x28000) = 0x73dd0cab8000
168987 mmap(0x73dd0cabc000, 8192, PROT_READ|PROT_WRITE, MAP_PRIVATE|MAP_FIXED|MAP_DENYWRITE, 3, 0x2b000) = 0x73dd0cabc000
168987 close(3)                         = 0
168987 openat(AT_FDCWD, "/usr/lib/libXext.so.6", O_RDONLY|O_CLOEXEC) = 3
168987 read(3, "\177ELF\2\1\1\0\0\0\0\0\0\0\0\0\3\0>\0\1\0\0\0\0\0\0\0\0\0\0\0"..., 832) = 832
168987 fstat(3, {st_mode=S_IFREG|0755, st_size=80952, ...}) = 0
168987 mmap(NULL, 83776, PROT_READ, MAP_PRIVATE|MAP_DENYWRITE, 3, 0) = 0x73dd0ca7b000
168987 mmap(0x73dd0ca7f000, 45056, PROT_READ|PROT_EXEC, MAP_PRIVATE|MAP_FIXED|MAP_DENYWRITE, 3, 0x4000) = 0x73dd0ca7f000
168987 mmap(0x73dd0ca8a000, 16384, PROT_READ, MAP_PRIVATE|MAP_FIXED|MAP_DENYWRITE, 3, 0xf000) = 0x73dd0ca8a000
168987 mmap(0x73dd0ca8e000, 8192, PROT_READ|PROT_WRITE, MAP_PRIVATE|MAP_FIXED|MAP_DENYWRITE, 3, 0x12000) = 0x73dd0ca8e000
168987 close(3)                         = 0
168987 mmap(NULL, 8192, PROT_READ|PROT_WRITE, MAP_PRIVATE|MAP_ANONYMOUS, -1, 0) = 0x73dd0ca79000
168987 mmap(NULL, 12288, PROT_READ|PROT_WRITE, MAP_PRIVATE|MAP_ANONYMOUS, -1, 0) = 0x73dd0ca76000
168987 arch_prctl(ARCH_SET_FS, 0x73dd0ca76780) = 0
168987 set_tid_address(0x73dd0ca76a50)  = 168987
168987 set_robust_list(0x73dd0ca76a60, 24) = 0
168987 rseq(0x73dd0ca76680, 0x20, 0, 0x53053053) = 0
168987 mprotect(0x73dd0c7f2000, 16384, PROT_READ) = 0
168987 mprotect(0x73dd0cacb000, 4096, PROT_READ) = 0
168987 mprotect(0x73dd0cac6000, 4096, PROT_READ) = 0
168987 mprotect(0x73dd0cb0b000, 4096, PROT_READ) = 0
168987 mprotect(0x73dd0c607000, 12288, PROT_READ) = 0
168987 mprotect(0x73dd0ca8e000, 4096, PROT_READ) = 0
168987 mprotect(0x73dd0cabc000, 4096, PROT_READ) = 0
168987 mprotect(0x73dd0c1fe000, 4096, PROT_READ) = 0
168987 mprotect(0x73dd0cade000, 4096, PROT_READ) = 0
168987 mprotect(0x73dd0c474000, 53248, PROT_READ) = 0
168987 mprotect(0x73dd0cb10000, 4096, PROT_READ) = 0
168987 mprotect(0x73dd0cb15000, 4096, PROT_READ) = 0
168987 mprotect(0x73dd0ca29000, 4096, PROT_READ) = 0
168987 mprotect(0x62822153e000, 4096, PROT_READ) = 0
168987 mprotect(0x73dd0cb8f000, 8192, PROT_READ) = 0
168987 prlimit64(0, RLIMIT_STACK, NULL, {rlim_cur=8192*1024, rlim_max=RLIM64_INFINITY}) = 0
168987 munmap(0x73dd0cb17000, 236583)   = 0
168987 getrandom("\xd8\x12\x5e\x8b\x95\xb4\x88\x33", 8, GRND_NONBLOCK) = 8
168987 brk(NULL)                        = 0x62823322b000
168987 brk(0x62823324c000)              = 0x62823324c000
168987 futex(0x73dd0c4826bc, FUTEX_WAKE_PRIVATE, 2147483647) = 0
168987 readlink("/proc/self/exe", "/home/sanju/Documents/Git/DSA-CP"..., 4095) = 73
168987 rt_sigprocmask(SIG_BLOCK, ~[], [], 8) = 0
168987 clone(child_stack=NULL, flags=CLONE_CHILD_CLEARTID|CLONE_CHILD_SETTID|SIGCHLD, child_tidptr=0x73dd0ca76a50) = 168988
168987 rt_sigprocmask(SIG_SETMASK, [],  <unfinished ...>
168988 set_robust_list(0x73dd0ca76a60, 24 <unfinished ...>
168987 <... rt_sigprocmask resumed>NULL, 8) = 0
168988 <... set_robust_list resumed>)   = 0
168987 fstat(1,  <unfinished ...>
168988 rt_sigprocmask(SIG_SETMASK, [],  <unfinished ...>
168987 <... fstat resumed>{st_mode=S_IFCHR|0620, st_rdev=makedev(0x88, 0), ...}) = 0
168988 <... rt_sigprocmask resumed>NULL, 8) = 0
168987 write(1, "hello from parent!\n", 19) = 19
168988 fstat(1, {st_mode=S_IFCHR|0620, st_rdev=makedev(0x88, 0), ...}) = 0
168988 write(1, "Hello from Child!\n", 18 <unfinished ...>
168987 exit_group(0 <unfinished ...>
168988 <... write resumed>)             = 18
168987 <... exit_group resumed>)        = ?
168988 exit_group(0)                    = ?
168987 +++ exited with 0 +++
168988 +++ exited with 0 +++
